<?xml version="1.0" encoding="UTF-8"?>
<!-- Generated by org.testng.reporters.JUnitXMLReporter -->
<testsuite ignored="0" hostname="FFE-Gaurav-Ganesh-Naiknaware" failures="1" tests="1" name="Test" time="11.145" errors="0" timestamp="2025-08-20T10:58:53 IST">
  <testcase classname="ninza.CRMCampaign.CampaignsTest" name="createampaign" time="8.45">
    <failure type="org.openqa.selenium.ElementClickInterceptedException" message="element click intercepted: Element &amp;lt;div class=&amp;quot;user-icon&amp;quot; style=&amp;quot;border: 1px solid white; background-color: rgb(115, 61, 94);&amp;quot;&amp;gt;...&amp;lt;/div&amp;gt; is not clickable at point (1279, 35). Other element would receive the click: &amp;lt;div class=&amp;quot;Toastify__toast Toastify__toast--success&amp;quot; style=&amp;quot;&amp;quot;&amp;gt;...&amp;lt;/div&amp;gt;
  (Session info: MicrosoftEdge=139.0.3405.102)
Build info: version: &amp;apos;4.34.0&amp;apos;, revision: &amp;apos;707dcb4246*&amp;apos;
System info: os.name: &amp;apos;Windows 10&amp;apos;, os.arch: &amp;apos;amd64&amp;apos;, os.version: &amp;apos;10.0&amp;apos;, java.version: &amp;apos;23.0.2&amp;apos;
Driver info: org.openqa.selenium.edge.EdgeDriver
Command: [a3adde80b3e76cd7883ae68eec9264bf, clickElement {id=f.12BCAA3F9AF064FFF6B85541402630D2.d.43EFE0C037D14CCDCB47C0C194B68778.e.163}]
Capabilities {acceptInsecureCerts: false, browserName: MicrosoftEdge, browserVersion: 139.0.3405.102, fedcm:accounts: true, ms:edgeOptions: {debuggerAddress: localhost:62867}, msedge: {msedgedriverVersion: 139.0.3405.86 (057d25f32fab..., userDataDir: C:\Users\User\AppData\Local...}, networkConnectionEnabled: false, pageLoadStrategy: normal, platformName: windows, proxy: Proxy(), se:cdp: ws://localhost:62867/devtoo..., se:cdpVersion: 139.0.3405.102, setWindowRect: true, strictFileInteractability: false, timeouts: {implicit: 0, pageLoad: 300000, script: 30000}, unhandledPromptBehavior: dismiss and notify, webauthn:extension:credBlob: true, webauthn:extension:largeBlob: true, webauthn:extension:minPinLength: true, webauthn:extension:prf: true, webauthn:virtualAuthenticators: true}
Element: [[EdgeDriver: MicrosoftEdge on windows (a3adde80b3e76cd7883ae68eec9264bf)] -&amp;gt; xpath: //div[@class=&amp;apos;user-icon&amp;apos;]]
Session ID: a3adde80b3e76cd7883ae68eec9264bf">
      <![CDATA[org.openqa.selenium.ElementClickInterceptedException: element click intercepted: Element <div class="user-icon" style="border: 1px solid white; background-color: rgb(115, 61, 94);">...</div> is not clickable at point (1279, 35). Other element would receive the click: <div class="Toastify__toast Toastify__toast--success" style="">...</div>
  (Session info: MicrosoftEdge=139.0.3405.102)
Build info: version: '4.34.0', revision: '707dcb4246*'
System info: os.name: 'Windows 10', os.arch: 'amd64', os.version: '10.0', java.version: '23.0.2'
Driver info: org.openqa.selenium.edge.EdgeDriver
Command: [a3adde80b3e76cd7883ae68eec9264bf, clickElement {id=f.12BCAA3F9AF064FFF6B85541402630D2.d.43EFE0C037D14CCDCB47C0C194B68778.e.163}]
Capabilities {acceptInsecureCerts: false, browserName: MicrosoftEdge, browserVersion: 139.0.3405.102, fedcm:accounts: true, ms:edgeOptions: {debuggerAddress: localhost:62867}, msedge: {msedgedriverVersion: 139.0.3405.86 (057d25f32fab..., userDataDir: C:\Users\User\AppData\Local...}, networkConnectionEnabled: false, pageLoadStrategy: normal, platformName: windows, proxy: Proxy(), se:cdp: ws://localhost:62867/devtoo..., se:cdpVersion: 139.0.3405.102, setWindowRect: true, strictFileInteractability: false, timeouts: {implicit: 0, pageLoad: 300000, script: 30000}, unhandledPromptBehavior: dismiss and notify, webauthn:extension:credBlob: true, webauthn:extension:largeBlob: true, webauthn:extension:minPinLength: true, webauthn:extension:prf: true, webauthn:virtualAuthenticators: true}
Element: [[EdgeDriver: MicrosoftEdge on windows (a3adde80b3e76cd7883ae68eec9264bf)] -> xpath: //div[@class='user-icon']]
Session ID: a3adde80b3e76cd7883ae68eec9264bf
at org.openqa.selenium.remote.ErrorCodec.decode(ErrorCodec.java:167)
at org.openqa.selenium.remote.codec.w3c.W3CHttpResponseCodec.decode(W3CHttpResponseCodec.java:138)
at org.openqa.selenium.remote.codec.w3c.W3CHttpResponseCodec.decode(W3CHttpResponseCodec.java:50)
at org.openqa.selenium.remote.HttpCommandExecutor.execute(HttpCommandExecutor.java:215)
at org.openqa.selenium.remote.service.DriverCommandExecutor.invokeExecute(DriverCommandExecutor.java:216)
at org.openqa.selenium.remote.service.DriverCommandExecutor.execute(DriverCommandExecutor.java:174)
at org.openqa.selenium.remote.RemoteWebDriver.execute(RemoteWebDriver.java:544)
at org.openqa.selenium.remote.RemoteWebElement.execute(RemoteWebElement.java:223)
at org.openqa.selenium.remote.RemoteWebElement.click(RemoteWebElement.java:76)
at org.openqa.selenium.support.pagefactory.internal.LocatingElementHandler.invoke(LocatingElementHandler.java:51)
at jdk.proxy2/jdk.proxy2.$Proxy16.click(Unknown Source)
at ninzaCRM.ObjectRepository.DashboardPage.logoutOfApp(DashboardPage.java:152)
at ninza.CRMCampaign.CampaignsTest.createampaign(CampaignsTest.java:41)
at java.base/java.util.ArrayList.forEach(ArrayList.java:1597)
... Removed 30 stack frames]]>
    </failure>
  </testcase> <!-- createampaign -->
</testsuite> <!-- Test -->
