<?xml version="1.0" encoding="UTF-8"?>
<!-- Generated by org.testng.reporters.JUnitReportReporter -->
<testsuite hostname="FFE-Gaurav-Ganesh-Naiknaware" failures="0" tests="6" name="practice.TestNGPractice2" time="0.016" errors="0" timestamp="2025-08-18T11:49:34 IST" skipped="0">
  <testcase classname="practice.TestNGPractice2" name="create" time="0.002"/>
  <testcase classname="practice.TestNGPractice2" name="delete" time="0.003"/>
  <testcase classname="practice.TestNGPractice2" name="create" time="0.001"/>
  <testcase classname="practice.TestNGPractice2" name="create" time="0.008"/>
  <testcase classname="practice.TestNGPractice2" name="modify" time="0.001"/>
  <testcase classname="practice.TestNGPractice2" name="create" time="0.001"/>
</testsuite> <!-- practice.TestNGPractice2 -->
